{
  "stats": {
    "suites": 1,
    "tests": 1,
    "passes": 0,
    "pending": 0,
    "failures": 1,
    "start": "2025-05-22T04:30:51.777Z",
    "end": "2025-05-22T04:30:55.936Z",
    "duration": 4159,
    "testsRegistered": 1,
    "passPercent": 0,
    "pendingPercent": 0,
    "other": 0,
    "hasOther": false,
    "skipped": 0,
    "hasSkipped": false
  },
  "results": [
    {
      "uuid": "ae6ff194-e3fa-4ffa-930a-62818e232997",
      "title": "",
      "fullFile": "cypress/e2e/login/logout.postive.cy.js",
      "file": "cypress/e2e/login/logout.postive.cy.js",
      "beforeHooks": [],
      "afterHooks": [],
      "tests": [],
      "suites": [
        {
          "uuid": "f7af3776-7666-4c16-be17-55dce52e8aad",
          "title": "Logout Functionality",
          "fullFile": "",
          "file": "",
          "beforeHooks": [],
          "afterHooks": [],
          "tests": [
            {
              "title": "[LOGIN-FUNC-POS-001] should allow a logged-in user to logout successfully and return to the login page",
              "fullTitle": "Logout Functionality [LOGIN-FUNC-POS-001] should allow a logged-in user to logout successfully and return to the login page",
              "timedOut": null,
              "duration": 4141,
              "state": "failed",
              "speed": null,
              "pass": false,
              "fail": true,
              "pending": false,
              "context": null,
              "code": "_login.default.logout();\ncy.url().should(\"not.include\", \"/inventory.html\");\ncy.url().should(\"include\", \"https://www.saucedemo.com/\");\n_login.default.verifyLoginFormIsVisible();",
              "err": {
                "message": "AssertionError: Timed out retrying after 4000ms: Expected to find element: `[data-test=\"username\"]`, but never found it.\n\nBecause this error occurred during a `before each` hook we are skipping the remaining tests in the current suite: `Logout Functionality`",
                "estack": "AssertionError: Timed out retrying after 4000ms: Expected to find element: `[data-test=\"username\"]`, but never found it.\n\nBecause this error occurred during a `before each` hook we are skipping the remaining tests in the current suite: `Logout Functionality`\n    at get usernameInput (webpack://swag-labs/./cypress/support/pageObjects/login.page.js:12:14)\n    at Login.login (webpack://swag-labs/./cypress/support/pageObjects/login.page.js:43:11)\n    at Context.eval (webpack://swag-labs/./cypress/e2e/login/logout.postive.cy.js:5:16)",
                "diff": null
              },
              "uuid": "640a7df3-4680-425c-8abc-24fbc2a16daf",
              "parentUUID": "f7af3776-7666-4c16-be17-55dce52e8aad",
              "isHook": false,
              "skipped": false
            }
          ],
          "suites": [],
          "passes": [],
          "failures": [
            "640a7df3-4680-425c-8abc-24fbc2a16daf"
          ],
          "pending": [],
          "skipped": [],
          "duration": 4141,
          "root": false,
          "rootEmpty": false,
          "_timeout": 2000
        }
      ],
      "passes": [],
      "failures": [],
      "pending": [],
      "skipped": [],
      "duration": 0,
      "root": true,
      "rootEmpty": true,
      "_timeout": 2000
    }
  ],
  "meta": {
    "mocha": {
      "version": "7.2.0"
    },
    "mochawesome": {
      "options": {
        "quiet": false,
        "reportFilename": "mochawesome",
        "saveHtml": false,
        "saveJson": true,
        "consoleReporter": "spec",
        "useInlineDiffs": false,
        "code": true
      },
      "version": "7.1.3"
    },
    "marge": {
      "options": {
        "charts": true,
        "reportDir": "cypress/reports/mochawesome",
        "overwrite": false,
        "html": false,
        "json": true
      },
      "version": "6.2.0"
    }
  }
}